c:\users\thomas wiltshire\desktop\pc\github\aie-exercises-tictactoegame\tictactoegame\x64\debug\vc140.pdb
c:\users\thomas wiltshire\desktop\pc\github\aie-exercises-tictactoegame\tictactoegame\x64\debug\vc140.idb
c:\users\thomas wiltshire\desktop\pc\github\aie-exercises-tictactoegame\tictactoegame\x64\debug\game.obj
c:\users\thomas wiltshire\desktop\pc\github\aie-exercises-tictactoegame\tictactoegame\x64\debug\mainmenu.obj
c:\users\thomas wiltshire\desktop\pc\github\aie-exercises-tictactoegame\tictactoegame\x64\debug\map.obj
c:\users\thomas wiltshire\desktop\pc\github\aie-exercises-tictactoegame\tictactoegame\x64\debug\player.obj
c:\users\thomas wiltshire\desktop\pc\github\aie-exercises-tictactoegame\tictactoegame\x64\debug\source.obj
c:\users\s171043\documents\github\aie-exercises-tictactoegame\tictactoegame\x64\debug\vc140.pdb
c:\users\s171043\documents\github\aie-exercises-tictactoegame\tictactoegame\x64\debug\vc140.idb
c:\users\s171043\documents\github\aie-exercises-tictactoegame\tictactoegame\x64\debug\game.obj
c:\users\s171043\documents\github\aie-exercises-tictactoegame\tictactoegame\x64\debug\mainmenu.obj
c:\users\s171043\documents\github\aie-exercises-tictactoegame\tictactoegame\x64\debug\map.obj
c:\users\s171043\documents\github\aie-exercises-tictactoegame\tictactoegame\x64\debug\player.obj
c:\users\s171043\documents\github\aie-exercises-tictactoegame\tictactoegame\x64\debug\source.obj
c:\users\thomas wiltshire\desktop\pc\github\aie-exercises-tictactoegame\x64\debug\tictactoegame.ilk
c:\users\thomas wiltshire\desktop\pc\github\aie-exercises-tictactoegame\x64\debug\tictactoegame.exe
c:\users\thomas wiltshire\desktop\pc\github\aie-exercises-tictactoegame\x64\debug\tictactoegame.pdb
c:\users\s171043\documents\github\aie-exercises-tictactoegame\x64\debug\tictactoegame.ilk
c:\users\s171043\documents\github\aie-exercises-tictactoegame\x64\debug\tictactoegame.exe
c:\users\s171043\documents\github\aie-exercises-tictactoegame\x64\debug\tictactoegame.pdb
c:\users\s171043\documents\github\aie-exercises-tictactoegame\tictactoegame\x64\debug\tictactoegame.tlog\cl.command.1.tlog
c:\users\s171043\documents\github\aie-exercises-tictactoegame\tictactoegame\x64\debug\tictactoegame.tlog\cl.read.1.tlog
c:\users\s171043\documents\github\aie-exercises-tictactoegame\tictactoegame\x64\debug\tictactoegame.tlog\cl.write.1.tlog
c:\users\s171043\documents\github\aie-exercises-tictactoegame\tictactoegame\x64\debug\tictactoegame.tlog\link.command.1.tlog
c:\users\s171043\documents\github\aie-exercises-tictactoegame\tictactoegame\x64\debug\tictactoegame.tlog\link.read.1.tlog
c:\users\s171043\documents\github\aie-exercises-tictactoegame\tictactoegame\x64\debug\tictactoegame.tlog\link.write.1.tlog
